(0.001) 
            SELECT name, type FROM sqlite_master
            WHERE type in ('table', 'view') AND NOT name='sqlite_sequence'
            ORDER BY name; args=None
(0.001) SELECT "django_migrations"."id", "django_migrations"."app", "django_migrations"."name", "django_migrations"."applied" FROM "django_migrations"; args=()
(0.001) SELECT "django_session"."session_key", "django_session"."session_data", "django_session"."expire_date" FROM "django_session" WHERE ("django_session"."expire_date" > '2023-05-31 00:38:52.710395' AND "django_session"."session_key" = '4qp9kulia6zdpz6j3a55iuci0oqmffpc') LIMIT 21; args=('2023-05-31 00:38:52.710395', '4qp9kulia6zdpz6j3a55iuci0oqmffpc')
(0.000) SELECT "auth_user"."id", "auth_user"."password", "auth_user"."last_login", "auth_user"."is_superuser", "auth_user"."username", "auth_user"."first_name", "auth_user"."last_name", "auth_user"."email", "auth_user"."is_staff", "auth_user"."is_active", "auth_user"."date_joined" FROM "auth_user" WHERE "auth_user"."id" = 1 LIMIT 21; args=(1,)
(0.000) BEGIN; args=None
(0.000) SELECT "attendance_businesstrip"."id", "attendance_businesstrip"."employee_id", "attendance_businesstrip"."start_date", "attendance_businesstrip"."end_date", "attendance_businesstrip"."days" FROM "attendance_businesstrip" WHERE "attendance_businesstrip"."id" = 17 LIMIT 21; args=(17,)
(0.000) SELECT "django_content_type"."id", "django_content_type"."app_label", "django_content_type"."model" FROM "django_content_type" WHERE ("django_content_type"."app_label" = 'attendance' AND "django_content_type"."model" = 'businesstrip') LIMIT 21; args=('attendance', 'businesstrip')
(0.001) SELECT "attendance_employee"."id", "attendance_employee"."employee_id", "attendance_employee"."employee_name", "attendance_employee"."employee_gender", "attendance_employee"."employee_age", "attendance_employee"."employee_title" FROM "attendance_employee"; args=()
(0.001) SELECT "django_session"."session_key", "django_session"."session_data", "django_session"."expire_date" FROM "django_session" WHERE ("django_session"."expire_date" > '2023-05-31 00:38:53.707395' AND "django_session"."session_key" = '4qp9kulia6zdpz6j3a55iuci0oqmffpc') LIMIT 21; args=('2023-05-31 00:38:53.707395', '4qp9kulia6zdpz6j3a55iuci0oqmffpc')
(0.000) SELECT "auth_user"."id", "auth_user"."password", "auth_user"."last_login", "auth_user"."is_superuser", "auth_user"."username", "auth_user"."first_name", "auth_user"."last_name", "auth_user"."email", "auth_user"."is_staff", "auth_user"."is_active", "auth_user"."date_joined" FROM "auth_user" WHERE "auth_user"."id" = 1 LIMIT 21; args=(1,)
(0.001) SELECT "django_session"."session_key", "django_session"."session_data", "django_session"."expire_date" FROM "django_session" WHERE ("django_session"."expire_date" > '2023-05-31 00:38:55.367082' AND "django_session"."session_key" = '4qp9kulia6zdpz6j3a55iuci0oqmffpc') LIMIT 21; args=('2023-05-31 00:38:55.367082', '4qp9kulia6zdpz6j3a55iuci0oqmffpc')
(0.000) SELECT "auth_user"."id", "auth_user"."password", "auth_user"."last_login", "auth_user"."is_superuser", "auth_user"."username", "auth_user"."first_name", "auth_user"."last_name", "auth_user"."email", "auth_user"."is_staff", "auth_user"."is_active", "auth_user"."date_joined" FROM "auth_user" WHERE "auth_user"."id" = 1 LIMIT 21; args=(1,)
(0.001) SELECT "django_admin_log"."id", "django_admin_log"."action_time", "django_admin_log"."user_id", "django_admin_log"."content_type_id", "django_admin_log"."object_id", "django_admin_log"."object_repr", "django_admin_log"."action_flag", "django_admin_log"."change_message", "auth_user"."id", "auth_user"."password", "auth_user"."last_login", "auth_user"."is_superuser", "auth_user"."username", "auth_user"."first_name", "auth_user"."last_name", "auth_user"."email", "auth_user"."is_staff", "auth_user"."is_active", "auth_user"."date_joined", "django_content_type"."id", "django_content_type"."app_label", "django_content_type"."model" FROM "django_admin_log" INNER JOIN "auth_user" ON ("django_admin_log"."user_id" = "auth_user"."id") LEFT OUTER JOIN "django_content_type" ON ("django_admin_log"."content_type_id" = "django_content_type"."id") WHERE "django_admin_log"."user_id" = 1 ORDER BY "django_admin_log"."action_time" DESC LIMIT 10; args=(1,)
(0.001) SELECT "django_session"."session_key", "django_session"."session_data", "django_session"."expire_date" FROM "django_session" WHERE ("django_session"."expire_date" > '2023-05-31 00:38:58.773335' AND "django_session"."session_key" = '4qp9kulia6zdpz6j3a55iuci0oqmffpc') LIMIT 21; args=('2023-05-31 00:38:58.773335', '4qp9kulia6zdpz6j3a55iuci0oqmffpc')
(0.000) SELECT "auth_user"."id", "auth_user"."password", "auth_user"."last_login", "auth_user"."is_superuser", "auth_user"."username", "auth_user"."first_name", "auth_user"."last_name", "auth_user"."email", "auth_user"."is_staff", "auth_user"."is_active", "auth_user"."date_joined" FROM "auth_user" WHERE "auth_user"."id" = 1 LIMIT 21; args=(1,)
(0.000) SELECT COUNT(*) AS "__count" FROM "attendance_attendancerecord"; args=()
(0.000) SELECT COUNT(*) AS "__count" FROM "attendance_attendancerecord"; args=()
(0.000) SELECT "attendance_attendancerecord"."id", "attendance_attendancerecord"."employee_id", "attendance_attendancerecord"."check_in_time", "attendance_attendancerecord"."check_out_time", "attendance_attendancerecord"."isabsenteeism" FROM "attendance_attendancerecord" ORDER BY "attendance_attendancerecord"."id" DESC; args=()
(0.001) SELECT "django_session"."session_key", "django_session"."session_data", "django_session"."expire_date" FROM "django_session" WHERE ("django_session"."expire_date" > '2023-05-31 00:38:59.236629' AND "django_session"."session_key" = '4qp9kulia6zdpz6j3a55iuci0oqmffpc') LIMIT 21; args=('2023-05-31 00:38:59.236629', '4qp9kulia6zdpz6j3a55iuci0oqmffpc')
(0.000) SELECT "auth_user"."id", "auth_user"."password", "auth_user"."last_login", "auth_user"."is_superuser", "auth_user"."username", "auth_user"."first_name", "auth_user"."last_name", "auth_user"."email", "auth_user"."is_staff", "auth_user"."is_active", "auth_user"."date_joined" FROM "auth_user" WHERE "auth_user"."id" = 1 LIMIT 21; args=(1,)
(0.001) SELECT "django_session"."session_key", "django_session"."session_data", "django_session"."expire_date" FROM "django_session" WHERE ("django_session"."expire_date" > '2023-05-31 00:39:01.421410' AND "django_session"."session_key" = '4qp9kulia6zdpz6j3a55iuci0oqmffpc') LIMIT 21; args=('2023-05-31 00:39:01.421410', '4qp9kulia6zdpz6j3a55iuci0oqmffpc')
(0.000) SELECT "auth_user"."id", "auth_user"."password", "auth_user"."last_login", "auth_user"."is_superuser", "auth_user"."username", "auth_user"."first_name", "auth_user"."last_name", "auth_user"."email", "auth_user"."is_staff", "auth_user"."is_active", "auth_user"."date_joined" FROM "auth_user" WHERE "auth_user"."id" = 1 LIMIT 21; args=(1,)
(0.000) BEGIN; args=None
(0.000) SELECT "attendance_attendancerecord"."id", "attendance_attendancerecord"."employee_id", "attendance_attendancerecord"."check_in_time", "attendance_attendancerecord"."check_out_time", "attendance_attendancerecord"."isabsenteeism" FROM "attendance_attendancerecord" WHERE "attendance_attendancerecord"."id" = 20 LIMIT 21; args=(20,)
(0.000) SELECT "django_content_type"."id", "django_content_type"."app_label", "django_content_type"."model" FROM "django_content_type" WHERE ("django_content_type"."app_label" = 'attendance' AND "django_content_type"."model" = 'attendancerecord') LIMIT 21; args=('attendance', 'attendancerecord')
(0.000) SELECT "attendance_employee"."id", "attendance_employee"."employee_id", "attendance_employee"."employee_name", "attendance_employee"."employee_gender", "attendance_employee"."employee_age", "attendance_employee"."employee_title" FROM "attendance_employee"; args=()
(0.001) SELECT "django_session"."session_key", "django_session"."session_data", "django_session"."expire_date" FROM "django_session" WHERE ("django_session"."expire_date" > '2023-05-31 00:39:01.850523' AND "django_session"."session_key" = '4qp9kulia6zdpz6j3a55iuci0oqmffpc') LIMIT 21; args=('2023-05-31 00:39:01.850523', '4qp9kulia6zdpz6j3a55iuci0oqmffpc')
(0.000) SELECT "auth_user"."id", "auth_user"."password", "auth_user"."last_login", "auth_user"."is_superuser", "auth_user"."username", "auth_user"."first_name", "auth_user"."last_name", "auth_user"."email", "auth_user"."is_staff", "auth_user"."is_active", "auth_user"."date_joined" FROM "auth_user" WHERE "auth_user"."id" = 1 LIMIT 21; args=(1,)
(0.001) SELECT "django_session"."session_key", "django_session"."session_data", "django_session"."expire_date" FROM "django_session" WHERE ("django_session"."expire_date" > '2023-05-31 00:39:06.064297' AND "django_session"."session_key" = '4qp9kulia6zdpz6j3a55iuci0oqmffpc') LIMIT 21; args=('2023-05-31 00:39:06.064297', '4qp9kulia6zdpz6j3a55iuci0oqmffpc')
(0.000) SELECT "auth_user"."id", "auth_user"."password", "auth_user"."last_login", "auth_user"."is_superuser", "auth_user"."username", "auth_user"."first_name", "auth_user"."last_name", "auth_user"."email", "auth_user"."is_staff", "auth_user"."is_active", "auth_user"."date_joined" FROM "auth_user" WHERE "auth_user"."id" = 1 LIMIT 21; args=(1,)
(0.000) SELECT "attendance_attendancerecord"."id", "attendance_attendancerecord"."employee_id", "attendance_attendancerecord"."check_in_time", "attendance_attendancerecord"."check_out_time", "attendance_attendancerecord"."isabsenteeism" FROM "attendance_attendancerecord" WHERE "attendance_attendancerecord"."id" = 20 LIMIT 21; args=(20,)
(0.000) SELECT "django_admin_log"."id", "django_admin_log"."action_time", "django_admin_log"."user_id", "django_admin_log"."content_type_id", "django_admin_log"."object_id", "django_admin_log"."object_repr", "django_admin_log"."action_flag", "django_admin_log"."change_message", "auth_user"."id", "auth_user"."password", "auth_user"."last_login", "auth_user"."is_superuser", "auth_user"."username", "auth_user"."first_name", "auth_user"."last_name", "auth_user"."email", "auth_user"."is_staff", "auth_user"."is_active", "auth_user"."date_joined" FROM "django_admin_log" INNER JOIN "auth_user" ON ("django_admin_log"."user_id" = "auth_user"."id") WHERE ("django_admin_log"."content_type_id" = 11 AND "django_admin_log"."object_id" = '20') ORDER BY "django_admin_log"."action_time" ASC; args=(11, '20')
(0.001) SELECT "django_session"."session_key", "django_session"."session_data", "django_session"."expire_date" FROM "django_session" WHERE ("django_session"."expire_date" > '2023-05-31 00:39:08.854155' AND "django_session"."session_key" = '4qp9kulia6zdpz6j3a55iuci0oqmffpc') LIMIT 21; args=('2023-05-31 00:39:08.854155', '4qp9kulia6zdpz6j3a55iuci0oqmffpc')
(0.000) SELECT "auth_user"."id", "auth_user"."password", "auth_user"."last_login", "auth_user"."is_superuser", "auth_user"."username", "auth_user"."first_name", "auth_user"."last_name", "auth_user"."email", "auth_user"."is_staff", "auth_user"."is_active", "auth_user"."date_joined" FROM "auth_user" WHERE "auth_user"."id" = 1 LIMIT 21; args=(1,)
(0.000) SELECT COUNT(*) AS "__count" FROM "attendance_businesstrip"; args=()
(0.000) SELECT COUNT(*) AS "__count" FROM "attendance_businesstrip"; args=()
(0.000) SELECT "attendance_businesstrip"."id", "attendance_businesstrip"."employee_id", "attendance_businesstrip"."start_date", "attendance_businesstrip"."end_date", "attendance_businesstrip"."days" FROM "attendance_businesstrip" ORDER BY "attendance_businesstrip"."id" DESC; args=()
(0.001) SELECT "django_session"."session_key", "django_session"."session_data", "django_session"."expire_date" FROM "django_session" WHERE ("django_session"."expire_date" > '2023-05-31 00:39:09.292393' AND "django_session"."session_key" = '4qp9kulia6zdpz6j3a55iuci0oqmffpc') LIMIT 21; args=('2023-05-31 00:39:09.292393', '4qp9kulia6zdpz6j3a55iuci0oqmffpc')
(0.000) SELECT "auth_user"."id", "auth_user"."password", "auth_user"."last_login", "auth_user"."is_superuser", "auth_user"."username", "auth_user"."first_name", "auth_user"."last_name", "auth_user"."email", "auth_user"."is_staff", "auth_user"."is_active", "auth_user"."date_joined" FROM "auth_user" WHERE "auth_user"."id" = 1 LIMIT 21; args=(1,)
(0.001) SELECT "django_session"."session_key", "django_session"."session_data", "django_session"."expire_date" FROM "django_session" WHERE ("django_session"."expire_date" > '2023-05-31 00:39:13.076981' AND "django_session"."session_key" = '4qp9kulia6zdpz6j3a55iuci0oqmffpc') LIMIT 21; args=('2023-05-31 00:39:13.076981', '4qp9kulia6zdpz6j3a55iuci0oqmffpc')
(0.000) SELECT "auth_user"."id", "auth_user"."password", "auth_user"."last_login", "auth_user"."is_superuser", "auth_user"."username", "auth_user"."first_name", "auth_user"."last_name", "auth_user"."email", "auth_user"."is_staff", "auth_user"."is_active", "auth_user"."date_joined" FROM "auth_user" WHERE "auth_user"."id" = 1 LIMIT 21; args=(1,)
(0.000) SELECT COUNT(*) AS "__count" FROM "attendance_employee"; args=()
(0.000) SELECT COUNT(*) AS "__count" FROM "attendance_employee"; args=()
(0.000) SELECT "attendance_employee"."id", "attendance_employee"."employee_id", "attendance_employee"."employee_name", "attendance_employee"."employee_gender", "attendance_employee"."employee_age", "attendance_employee"."employee_title" FROM "attendance_employee" ORDER BY "attendance_employee"."id" DESC; args=()
(0.000) SELECT (1) AS "a" FROM "attendance_attendancerecord" WHERE "attendance_attendancerecord"."employee_id" = 14 LIMIT 1; args=(14,)
(0.000) SELECT (1) AS "a" FROM "attendance_businesstrip" WHERE "attendance_businesstrip"."employee_id" = 14 LIMIT 1; args=(14,)
(0.000) SELECT (1) AS "a" FROM "attendance_attendancerecord" WHERE "attendance_attendancerecord"."employee_id" = 13 LIMIT 1; args=(13,)
(0.000) SELECT (1) AS "a" FROM "attendance_businesstrip" WHERE "attendance_businesstrip"."employee_id" = 13 LIMIT 1; args=(13,)
(0.000) SELECT (1) AS "a" FROM "attendance_leave" WHERE "attendance_leave"."employee_id" = 13 LIMIT 1; args=(13,)
(0.000) SELECT (1) AS "a" FROM "attendance_overtime" WHERE "attendance_overtime"."employee_id" = 13 LIMIT 1; args=(13,)
(0.000) SELECT (1) AS "a" FROM "attendance_attendancerecord" WHERE "attendance_attendancerecord"."employee_id" = 12 LIMIT 1; args=(12,)
(0.000) SELECT (1) AS "a" FROM "attendance_businesstrip" WHERE "attendance_businesstrip"."employee_id" = 12 LIMIT 1; args=(12,)
(0.000) SELECT (1) AS "a" FROM "attendance_leave" WHERE "attendance_leave"."employee_id" = 12 LIMIT 1; args=(12,)
(0.000) SELECT (1) AS "a" FROM "attendance_overtime" WHERE "attendance_overtime"."employee_id" = 12 LIMIT 1; args=(12,)
(0.000) SELECT (1) AS "a" FROM "attendance_attendancerecord" WHERE "attendance_attendancerecord"."employee_id" = 11 LIMIT 1; args=(11,)
(0.000) SELECT (1) AS "a" FROM "attendance_businesstrip" WHERE "attendance_businesstrip"."employee_id" = 11 LIMIT 1; args=(11,)
(0.000) SELECT (1) AS "a" FROM "attendance_leave" WHERE "attendance_leave"."employee_id" = 11 LIMIT 1; args=(11,)
(0.000) SELECT (1) AS "a" FROM "attendance_overtime" WHERE "attendance_overtime"."employee_id" = 11 LIMIT 1; args=(11,)
(0.000) SELECT (1) AS "a" FROM "attendance_attendancerecord" WHERE "attendance_attendancerecord"."employee_id" = 10 LIMIT 1; args=(10,)
(0.000) SELECT (1) AS "a" FROM "attendance_attendancerecord" WHERE "attendance_attendancerecord"."employee_id" = 9 LIMIT 1; args=(9,)
(0.000) SELECT (1) AS "a" FROM "attendance_attendancerecord" WHERE "attendance_attendancerecord"."employee_id" = 8 LIMIT 1; args=(8,)
(0.000) SELECT (1) AS "a" FROM "attendance_attendancerecord" WHERE "attendance_attendancerecord"."employee_id" = 7 LIMIT 1; args=(7,)
(0.000) SELECT (1) AS "a" FROM "attendance_attendancerecord" WHERE "attendance_attendancerecord"."employee_id" = 6 LIMIT 1; args=(6,)
(0.000) SELECT (1) AS "a" FROM "attendance_attendancerecord" WHERE "attendance_attendancerecord"."employee_id" = 5 LIMIT 1; args=(5,)
(0.000) SELECT (1) AS "a" FROM "attendance_attendancerecord" WHERE "attendance_attendancerecord"."employee_id" = 4 LIMIT 1; args=(4,)
(0.000) SELECT (1) AS "a" FROM "attendance_attendancerecord" WHERE "attendance_attendancerecord"."employee_id" = 3 LIMIT 1; args=(3,)
(0.000) SELECT (1) AS "a" FROM "attendance_attendancerecord" WHERE "attendance_attendancerecord"."employee_id" = 2 LIMIT 1; args=(2,)
(0.000) SELECT (1) AS "a" FROM "attendance_attendancerecord" WHERE "attendance_attendancerecord"."employee_id" = 1 LIMIT 1; args=(1,)
(0.001) SELECT "django_session"."session_key", "django_session"."session_data", "django_session"."expire_date" FROM "django_session" WHERE ("django_session"."expire_date" > '2023-05-31 00:39:13.510916' AND "django_session"."session_key" = '4qp9kulia6zdpz6j3a55iuci0oqmffpc') LIMIT 21; args=('2023-05-31 00:39:13.510916', '4qp9kulia6zdpz6j3a55iuci0oqmffpc')
(0.000) SELECT "auth_user"."id", "auth_user"."password", "auth_user"."last_login", "auth_user"."is_superuser", "auth_user"."username", "auth_user"."first_name", "auth_user"."last_name", "auth_user"."email", "auth_user"."is_staff", "auth_user"."is_active", "auth_user"."date_joined" FROM "auth_user" WHERE "auth_user"."id" = 1 LIMIT 21; args=(1,)
(0.001) SELECT "django_session"."session_key", "django_session"."session_data", "django_session"."expire_date" FROM "django_session" WHERE ("django_session"."expire_date" > '2023-05-31 00:39:26.624131' AND "django_session"."session_key" = '4qp9kulia6zdpz6j3a55iuci0oqmffpc') LIMIT 21; args=('2023-05-31 00:39:26.624131', '4qp9kulia6zdpz6j3a55iuci0oqmffpc')
(0.000) SELECT "auth_user"."id", "auth_user"."password", "auth_user"."last_login", "auth_user"."is_superuser", "auth_user"."username", "auth_user"."first_name", "auth_user"."last_name", "auth_user"."email", "auth_user"."is_staff", "auth_user"."is_active", "auth_user"."date_joined" FROM "auth_user" WHERE "auth_user"."id" = 1 LIMIT 21; args=(1,)
(0.000) SELECT COUNT(*) AS "__count" FROM "attendance_employee"; args=()
(0.000) SELECT COUNT(*) AS "__count" FROM "attendance_employee"; args=()
(0.000) SELECT "attendance_employee"."id", "attendance_employee"."employee_id", "attendance_employee"."employee_name", "attendance_employee"."employee_gender", "attendance_employee"."employee_age", "attendance_employee"."employee_title" FROM "attendance_employee" ORDER BY "attendance_employee"."employee_name" ASC, "attendance_employee"."id" DESC; args=()
(0.000) SELECT (1) AS "a" FROM "attendance_attendancerecord" WHERE "attendance_attendancerecord"."employee_id" = 13 LIMIT 1; args=(13,)
(0.000) SELECT (1) AS "a" FROM "attendance_businesstrip" WHERE "attendance_businesstrip"."employee_id" = 13 LIMIT 1; args=(13,)
(0.000) SELECT (1) AS "a" FROM "attendance_leave" WHERE "attendance_leave"."employee_id" = 13 LIMIT 1; args=(13,)
(0.000) SELECT (1) AS "a" FROM "attendance_overtime" WHERE "attendance_overtime"."employee_id" = 13 LIMIT 1; args=(13,)
(0.000) SELECT (1) AS "a" FROM "attendance_attendancerecord" WHERE "attendance_attendancerecord"."employee_id" = 1 LIMIT 1; args=(1,)
(0.000) SELECT (1) AS "a" FROM "attendance_attendancerecord" WHERE "attendance_attendancerecord"."employee_id" = 2 LIMIT 1; args=(2,)
(0.000) SELECT (1) AS "a" FROM "attendance_attendancerecord" WHERE "attendance_attendancerecord"."employee_id" = 3 LIMIT 1; args=(3,)
(0.000) SELECT (1) AS "a" FROM "attendance_attendancerecord" WHERE "attendance_attendancerecord"."employee_id" = 4 LIMIT 1; args=(4,)
(0.000) SELECT (1) AS "a" FROM "attendance_attendancerecord" WHERE "attendance_attendancerecord"."employee_id" = 5 LIMIT 1; args=(5,)
(0.000) SELECT (1) AS "a" FROM "attendance_attendancerecord" WHERE "attendance_attendancerecord"."employee_id" = 6 LIMIT 1; args=(6,)
(0.000) SELECT (1) AS "a" FROM "attendance_attendancerecord" WHERE "attendance_attendancerecord"."employee_id" = 7 LIMIT 1; args=(7,)
(0.000) SELECT (1) AS "a" FROM "attendance_attendancerecord" WHERE "attendance_attendancerecord"."employee_id" = 8 LIMIT 1; args=(8,)
(0.000) SELECT (1) AS "a" FROM "attendance_attendancerecord" WHERE "attendance_attendancerecord"."employee_id" = 9 LIMIT 1; args=(9,)
(0.000) SELECT (1) AS "a" FROM "attendance_attendancerecord" WHERE "attendance_attendancerecord"."employee_id" = 10 LIMIT 1; args=(10,)
(0.000) SELECT (1) AS "a" FROM "attendance_attendancerecord" WHERE "attendance_attendancerecord"."employee_id" = 14 LIMIT 1; args=(14,)
(0.000) SELECT (1) AS "a" FROM "attendance_businesstrip" WHERE "attendance_businesstrip"."employee_id" = 14 LIMIT 1; args=(14,)
(0.000) SELECT (1) AS "a" FROM "attendance_attendancerecord" WHERE "attendance_attendancerecord"."employee_id" = 11 LIMIT 1; args=(11,)
(0.000) SELECT (1) AS "a" FROM "attendance_businesstrip" WHERE "attendance_businesstrip"."employee_id" = 11 LIMIT 1; args=(11,)
(0.000) SELECT (1) AS "a" FROM "attendance_leave" WHERE "attendance_leave"."employee_id" = 11 LIMIT 1; args=(11,)
(0.000) SELECT (1) AS "a" FROM "attendance_overtime" WHERE "attendance_overtime"."employee_id" = 11 LIMIT 1; args=(11,)
(0.000) SELECT (1) AS "a" FROM "attendance_attendancerecord" WHERE "attendance_attendancerecord"."employee_id" = 12 LIMIT 1; args=(12,)
(0.000) SELECT (1) AS "a" FROM "attendance_businesstrip" WHERE "attendance_businesstrip"."employee_id" = 12 LIMIT 1; args=(12,)
(0.000) SELECT (1) AS "a" FROM "attendance_leave" WHERE "attendance_leave"."employee_id" = 12 LIMIT 1; args=(12,)
(0.000) SELECT (1) AS "a" FROM "attendance_overtime" WHERE "attendance_overtime"."employee_id" = 12 LIMIT 1; args=(12,)
(0.001) SELECT "django_session"."session_key", "django_session"."session_data", "django_session"."expire_date" FROM "django_session" WHERE ("django_session"."expire_date" > '2023-05-31 00:39:27.095950' AND "django_session"."session_key" = '4qp9kulia6zdpz6j3a55iuci0oqmffpc') LIMIT 21; args=('2023-05-31 00:39:27.095950', '4qp9kulia6zdpz6j3a55iuci0oqmffpc')
(0.000) SELECT "auth_user"."id", "auth_user"."password", "auth_user"."last_login", "auth_user"."is_superuser", "auth_user"."username", "auth_user"."first_name", "auth_user"."last_name", "auth_user"."email", "auth_user"."is_staff", "auth_user"."is_active", "auth_user"."date_joined" FROM "auth_user" WHERE "auth_user"."id" = 1 LIMIT 21; args=(1,)
(0.001) SELECT "django_session"."session_key", "django_session"."session_data", "django_session"."expire_date" FROM "django_session" WHERE ("django_session"."expire_date" > '2023-05-31 00:39:37.455827' AND "django_session"."session_key" = '4qp9kulia6zdpz6j3a55iuci0oqmffpc') LIMIT 21; args=('2023-05-31 00:39:37.455827', '4qp9kulia6zdpz6j3a55iuci0oqmffpc')
(0.000) SELECT "auth_user"."id", "auth_user"."password", "auth_user"."last_login", "auth_user"."is_superuser", "auth_user"."username", "auth_user"."first_name", "auth_user"."last_name", "auth_user"."email", "auth_user"."is_staff", "auth_user"."is_active", "auth_user"."date_joined" FROM "auth_user" WHERE "auth_user"."id" = 1 LIMIT 21; args=(1,)
(0.000) SELECT COUNT(*) AS "__count" FROM "attendance_employee"; args=()
(0.000) SELECT COUNT(*) AS "__count" FROM "attendance_employee"; args=()
(0.000) SELECT "attendance_employee"."id", "attendance_employee"."employee_id", "attendance_employee"."employee_name", "attendance_employee"."employee_gender", "attendance_employee"."employee_age", "attendance_employee"."employee_title" FROM "attendance_employee" ORDER BY "attendance_employee"."employee_age" ASC, "attendance_employee"."employee_name" ASC, "attendance_employee"."id" DESC; args=()
(0.000) SELECT (1) AS "a" FROM "attendance_attendancerecord" WHERE "attendance_attendancerecord"."employee_id" = 13 LIMIT 1; args=(13,)
(0.000) SELECT (1) AS "a" FROM "attendance_businesstrip" WHERE "attendance_businesstrip"."employee_id" = 13 LIMIT 1; args=(13,)
(0.000) SELECT (1) AS "a" FROM "attendance_leave" WHERE "attendance_leave"."employee_id" = 13 LIMIT 1; args=(13,)
(0.000) SELECT (1) AS "a" FROM "attendance_overtime" WHERE "attendance_overtime"."employee_id" = 13 LIMIT 1; args=(13,)
(0.000) SELECT (1) AS "a" FROM "attendance_attendancerecord" WHERE "attendance_attendancerecord"."employee_id" = 1 LIMIT 1; args=(1,)
(0.000) SELECT (1) AS "a" FROM "attendance_attendancerecord" WHERE "attendance_attendancerecord"."employee_id" = 2 LIMIT 1; args=(2,)
(0.000) SELECT (1) AS "a" FROM "attendance_attendancerecord" WHERE "attendance_attendancerecord"."employee_id" = 3 LIMIT 1; args=(3,)
(0.000) SELECT (1) AS "a" FROM "attendance_attendancerecord" WHERE "attendance_attendancerecord"."employee_id" = 4 LIMIT 1; args=(4,)
(0.000) SELECT (1) AS "a" FROM "attendance_attendancerecord" WHERE "attendance_attendancerecord"."employee_id" = 5 LIMIT 1; args=(5,)
(0.000) SELECT (1) AS "a" FROM "attendance_attendancerecord" WHERE "attendance_attendancerecord"."employee_id" = 7 LIMIT 1; args=(7,)
(0.000) SELECT (1) AS "a" FROM "attendance_attendancerecord" WHERE "attendance_attendancerecord"."employee_id" = 8 LIMIT 1; args=(8,)
(0.000) SELECT (1) AS "a" FROM "attendance_attendancerecord" WHERE "attendance_attendancerecord"."employee_id" = 9 LIMIT 1; args=(9,)
(0.000) SELECT (1) AS "a" FROM "attendance_attendancerecord" WHERE "attendance_attendancerecord"."employee_id" = 12 LIMIT 1; args=(12,)
(0.000) SELECT (1) AS "a" FROM "attendance_businesstrip" WHERE "attendance_businesstrip"."employee_id" = 12 LIMIT 1; args=(12,)
(0.000) SELECT (1) AS "a" FROM "attendance_leave" WHERE "attendance_leave"."employee_id" = 12 LIMIT 1; args=(12,)
(0.000) SELECT (1) AS "a" FROM "attendance_overtime" WHERE "attendance_overtime"."employee_id" = 12 LIMIT 1; args=(12,)
(0.000) SELECT (1) AS "a" FROM "attendance_attendancerecord" WHERE "attendance_attendancerecord"."employee_id" = 10 LIMIT 1; args=(10,)
(0.000) SELECT (1) AS "a" FROM "attendance_attendancerecord" WHERE "attendance_attendancerecord"."employee_id" = 11 LIMIT 1; args=(11,)
(0.000) SELECT (1) AS "a" FROM "attendance_businesstrip" WHERE "attendance_businesstrip"."employee_id" = 11 LIMIT 1; args=(11,)
(0.000) SELECT (1) AS "a" FROM "attendance_leave" WHERE "attendance_leave"."employee_id" = 11 LIMIT 1; args=(11,)
(0.000) SELECT (1) AS "a" FROM "attendance_overtime" WHERE "attendance_overtime"."employee_id" = 11 LIMIT 1; args=(11,)
(0.000) SELECT (1) AS "a" FROM "attendance_attendancerecord" WHERE "attendance_attendancerecord"."employee_id" = 14 LIMIT 1; args=(14,)
(0.000) SELECT (1) AS "a" FROM "attendance_businesstrip" WHERE "attendance_businesstrip"."employee_id" = 14 LIMIT 1; args=(14,)
(0.000) SELECT (1) AS "a" FROM "attendance_attendancerecord" WHERE "attendance_attendancerecord"."employee_id" = 6 LIMIT 1; args=(6,)
(0.001) SELECT "django_session"."session_key", "django_session"."session_data", "django_session"."expire_date" FROM "django_session" WHERE ("django_session"."expire_date" > '2023-05-31 00:39:37.923830' AND "django_session"."session_key" = '4qp9kulia6zdpz6j3a55iuci0oqmffpc') LIMIT 21; args=('2023-05-31 00:39:37.923830', '4qp9kulia6zdpz6j3a55iuci0oqmffpc')
(0.000) SELECT "auth_user"."id", "auth_user"."password", "auth_user"."last_login", "auth_user"."is_superuser", "auth_user"."username", "auth_user"."first_name", "auth_user"."last_name", "auth_user"."email", "auth_user"."is_staff", "auth_user"."is_active", "auth_user"."date_joined" FROM "auth_user" WHERE "auth_user"."id" = 1 LIMIT 21; args=(1,)
(0.001) SELECT "django_session"."session_key", "django_session"."session_data", "django_session"."expire_date" FROM "django_session" WHERE ("django_session"."expire_date" > '2023-05-31 00:39:42.274989' AND "django_session"."session_key" = '4qp9kulia6zdpz6j3a55iuci0oqmffpc') LIMIT 21; args=('2023-05-31 00:39:42.274989', '4qp9kulia6zdpz6j3a55iuci0oqmffpc')
(0.000) SELECT "auth_user"."id", "auth_user"."password", "auth_user"."last_login", "auth_user"."is_superuser", "auth_user"."username", "auth_user"."first_name", "auth_user"."last_name", "auth_user"."email", "auth_user"."is_staff", "auth_user"."is_active", "auth_user"."date_joined" FROM "auth_user" WHERE "auth_user"."id" = 1 LIMIT 21; args=(1,)
(0.000) SELECT COUNT(*) AS "__count" FROM "attendance_employee"; args=()
(0.000) SELECT COUNT(*) AS "__count" FROM "attendance_employee"; args=()
(0.000) SELECT "attendance_employee"."id", "attendance_employee"."employee_id", "attendance_employee"."employee_name", "attendance_employee"."employee_gender", "attendance_employee"."employee_age", "attendance_employee"."employee_title" FROM "attendance_employee" ORDER BY "attendance_employee"."employee_age" ASC, "attendance_employee"."id" DESC; args=()
(0.000) SELECT (1) AS "a" FROM "attendance_attendancerecord" WHERE "attendance_attendancerecord"."employee_id" = 13 LIMIT 1; args=(13,)
(0.000) SELECT (1) AS "a" FROM "attendance_businesstrip" WHERE "attendance_businesstrip"."employee_id" = 13 LIMIT 1; args=(13,)
(0.000) SELECT (1) AS "a" FROM "attendance_leave" WHERE "attendance_leave"."employee_id" = 13 LIMIT 1; args=(13,)
(0.000) SELECT (1) AS "a" FROM "attendance_overtime" WHERE "attendance_overtime"."employee_id" = 13 LIMIT 1; args=(13,)
(0.000) SELECT (1) AS "a" FROM "attendance_attendancerecord" WHERE "attendance_attendancerecord"."employee_id" = 12 LIMIT 1; args=(12,)
(0.000) SELECT (1) AS "a" FROM "attendance_businesstrip" WHERE "attendance_businesstrip"."employee_id" = 12 LIMIT 1; args=(12,)
(0.000) SELECT (1) AS "a" FROM "attendance_leave" WHERE "attendance_leave"."employee_id" = 12 LIMIT 1; args=(12,)
(0.000) SELECT (1) AS "a" FROM "attendance_overtime" WHERE "attendance_overtime"."employee_id" = 12 LIMIT 1; args=(12,)
(0.000) SELECT (1) AS "a" FROM "attendance_attendancerecord" WHERE "attendance_attendancerecord"."employee_id" = 9 LIMIT 1; args=(9,)
(0.000) SELECT (1) AS "a" FROM "attendance_attendancerecord" WHERE "attendance_attendancerecord"."employee_id" = 8 LIMIT 1; args=(8,)
(0.000) SELECT (1) AS "a" FROM "attendance_attendancerecord" WHERE "attendance_attendancerecord"."employee_id" = 7 LIMIT 1; args=(7,)
(0.000) SELECT (1) AS "a" FROM "attendance_attendancerecord" WHERE "attendance_attendancerecord"."employee_id" = 5 LIMIT 1; args=(5,)
(0.000) SELECT (1) AS "a" FROM "attendance_attendancerecord" WHERE "attendance_attendancerecord"."employee_id" = 4 LIMIT 1; args=(4,)
(0.000) SELECT (1) AS "a" FROM "attendance_attendancerecord" WHERE "attendance_attendancerecord"."employee_id" = 3 LIMIT 1; args=(3,)
(0.000) SELECT (1) AS "a" FROM "attendance_attendancerecord" WHERE "attendance_attendancerecord"."employee_id" = 2 LIMIT 1; args=(2,)
(0.000) SELECT (1) AS "a" FROM "attendance_attendancerecord" WHERE "attendance_attendancerecord"."employee_id" = 1 LIMIT 1; args=(1,)
(0.000) SELECT (1) AS "a" FROM "attendance_attendancerecord" WHERE "attendance_attendancerecord"."employee_id" = 10 LIMIT 1; args=(10,)
(0.000) SELECT (1) AS "a" FROM "attendance_attendancerecord" WHERE "attendance_attendancerecord"."employee_id" = 11 LIMIT 1; args=(11,)
(0.000) SELECT (1) AS "a" FROM "attendance_businesstrip" WHERE "attendance_businesstrip"."employee_id" = 11 LIMIT 1; args=(11,)
(0.000) SELECT (1) AS "a" FROM "attendance_leave" WHERE "attendance_leave"."employee_id" = 11 LIMIT 1; args=(11,)
(0.000) SELECT (1) AS "a" FROM "attendance_overtime" WHERE "attendance_overtime"."employee_id" = 11 LIMIT 1; args=(11,)
(0.000) SELECT (1) AS "a" FROM "attendance_attendancerecord" WHERE "attendance_attendancerecord"."employee_id" = 14 LIMIT 1; args=(14,)
(0.000) SELECT (1) AS "a" FROM "attendance_businesstrip" WHERE "attendance_businesstrip"."employee_id" = 14 LIMIT 1; args=(14,)
(0.000) SELECT (1) AS "a" FROM "attendance_attendancerecord" WHERE "attendance_attendancerecord"."employee_id" = 6 LIMIT 1; args=(6,)
(0.001) SELECT "django_session"."session_key", "django_session"."session_data", "django_session"."expire_date" FROM "django_session" WHERE ("django_session"."expire_date" > '2023-05-31 00:39:42.753788' AND "django_session"."session_key" = '4qp9kulia6zdpz6j3a55iuci0oqmffpc') LIMIT 21; args=('2023-05-31 00:39:42.753788', '4qp9kulia6zdpz6j3a55iuci0oqmffpc')
(0.000) SELECT "auth_user"."id", "auth_user"."password", "auth_user"."last_login", "auth_user"."is_superuser", "auth_user"."username", "auth_user"."first_name", "auth_user"."last_name", "auth_user"."email", "auth_user"."is_staff", "auth_user"."is_active", "auth_user"."date_joined" FROM "auth_user" WHERE "auth_user"."id" = 1 LIMIT 21; args=(1,)
(0.001) SELECT "django_session"."session_key", "django_session"."session_data", "django_session"."expire_date" FROM "django_session" WHERE ("django_session"."expire_date" > '2023-05-31 00:39:48.897578' AND "django_session"."session_key" = '4qp9kulia6zdpz6j3a55iuci0oqmffpc') LIMIT 21; args=('2023-05-31 00:39:48.897578', '4qp9kulia6zdpz6j3a55iuci0oqmffpc')
(0.000) SELECT "auth_user"."id", "auth_user"."password", "auth_user"."last_login", "auth_user"."is_superuser", "auth_user"."username", "auth_user"."first_name", "auth_user"."last_name", "auth_user"."email", "auth_user"."is_staff", "auth_user"."is_active", "auth_user"."date_joined" FROM "auth_user" WHERE "auth_user"."id" = 1 LIMIT 21; args=(1,)
(0.000) SELECT COUNT(*) AS "__count" FROM "attendance_attendancerecord"; args=()
(0.000) SELECT COUNT(*) AS "__count" FROM "attendance_attendancerecord"; args=()
(0.000) SELECT "attendance_attendancerecord"."id", "attendance_attendancerecord"."employee_id", "attendance_attendancerecord"."check_in_time", "attendance_attendancerecord"."check_out_time", "attendance_attendancerecord"."isabsenteeism" FROM "attendance_attendancerecord" ORDER BY "attendance_attendancerecord"."id" DESC; args=()
(0.001) SELECT "django_session"."session_key", "django_session"."session_data", "django_session"."expire_date" FROM "django_session" WHERE ("django_session"."expire_date" > '2023-05-31 00:39:49.323560' AND "django_session"."session_key" = '4qp9kulia6zdpz6j3a55iuci0oqmffpc') LIMIT 21; args=('2023-05-31 00:39:49.323560', '4qp9kulia6zdpz6j3a55iuci0oqmffpc')
(0.000) SELECT "auth_user"."id", "auth_user"."password", "auth_user"."last_login", "auth_user"."is_superuser", "auth_user"."username", "auth_user"."first_name", "auth_user"."last_name", "auth_user"."email", "auth_user"."is_staff", "auth_user"."is_active", "auth_user"."date_joined" FROM "auth_user" WHERE "auth_user"."id" = 1 LIMIT 21; args=(1,)
